#
# There is insufficient memory for the Java Runtime Environment to continue.
# Native memory allocation (mmap) failed to map 110100480 bytes for committing reserved memory.
# Possible reasons:
#   The system is out of physical RAM or swap space
#   In 32 bit mode, the process size limit was hit
# Possible solutions:
#   Reduce memory load on the system
#   Increase physical memory or swap space
#   Check if swap backing store is full
#   Use 64 bit Java on a 64 bit OS
#   Decrease Java heap size (-Xmx/-Xms)
#   Decrease number of Java threads
#   Decrease Java thread stack sizes (-Xss)
#   Set larger code cache with -XX:ReservedCodeCacheSize=
# This output file may be truncated or incomplete.
#
#  Out of Memory Error (os_linux.cpp:2640), pid=5220, tid=0x00007ff834cfc700
#
# JRE version: OpenJDK Runtime Environment (8.0_152-b06) (build 1.8.0_152-release-1136-b06)
# Java VM: OpenJDK 64-Bit Server VM (25.152-b06 mixed mode linux-amd64 compressed oops)
# Failed to write core dump. Core dumps have been disabled. To enable core dumping, try "ulimit -c unlimited" before starting Java again
#

---------------  T H R E A D  ---------------

Current thread (0x00007ff84c07a000):  VMThread [stack: 0x00007ff834bfd000,0x00007ff834cfd000] [id=5228]

Stack: [0x00007ff834bfd000,0x00007ff834cfd000],  sp=0x00007ff834cfb520,  free space=1017k
Native frames: (J=compiled Java code, j=interpreted, Vv=VM code, C=native code)
V  [libjvm.so+0xa70d3f]  VMError::report_and_die()+0x2af
V  [libjvm.so+0x4c7207]  report_vm_out_of_memory(char const*, int, unsigned long, VMErrorType, char const*)+0x67
V  [libjvm.so+0x8b5b70]  os::pd_commit_memory(char*, unsigned long, unsigned long, bool)+0x100
V  [libjvm.so+0x8b078f]  os::commit_memory(char*, unsigned long, unsigned long, bool)+0x1f
V  [libjvm.so+0x92e446]  PSVirtualSpace::expand_by(unsigned long)+0x56
V  [libjvm.so+0x92f6d8]  PSYoungGen::resize(unsigned long, unsigned long)+0xd8
V  [libjvm.so+0x92be66]  PSScavenge::invoke_no_policy()+0x1356
V  [libjvm.so+0x92c20c]  PSScavenge::invoke()+0x4c
V  [libjvm.so+0x8dbda8]  ParallelScavengeHeap::failed_mem_allocate(unsigned long)+0x68
V  [libjvm.so+0xa72873]  VM_ParallelGCFailedAllocation::doit()+0x93
V  [libjvm.so+0xa778a6]  VM_Operation::evaluate()+0x46
V  [libjvm.so+0xa75102]  VMThread::evaluate_operation(VM_Operation*) [clone .constprop.31]+0xa2
V  [libjvm.so+0xa7652b]  VMThread::loop()+0x37b
V  [libjvm.so+0xa768d8]  VMThread::run()+0x78
V  [libjvm.so+0x8b3332]  java_start(Thread*)+0x102

VM_Operation (0x00007ff7fe6f3a80): ParallelGCFailedAllocation, mode: safepoint, requested by thread 0x00007ff7f8009000


---------------  P R O C E S S  ---------------

Java Threads: ( => current thread )
  0x00007ff7d403a000 JavaThread "RMI RenewClean-[127.0.0.1:33149,org.jetbrains.kotlin.daemon.common.LoopbackNetworkInterface$ClientLoopbackSocketFactory@6eee26c4]" daemon [_thread_blocked, id=6170, stack(0x00007ff7fca53000,0x00007ff7fcb54000)]
  0x00007ff7f8009000 JavaThread "RMI TCP Connection(17)-127.0.0.1" daemon [_thread_blocked, id=6169, stack(0x00007ff7fe5f8000,0x00007ff7fe6f9000)]
  0x00007ff7cc056000 JavaThread "RMI RenewClean-[127.0.0.1:33149,org.jetbrains.kotlin.daemon.common.LoopbackNetworkInterface$ClientLoopbackSocketFactory@21d249f5]" daemon [_thread_blocked, id=6166, stack(0x00007ff7fd675000,0x00007ff7fd776000)]
  0x00007ff7f8008000 JavaThread "RMI TCP Connection(16)-127.0.0.1" daemon [_thread_in_native, id=6165, stack(0x00007ff7fd9d6000,0x00007ff7fdad7000)]
  0x00007ff7f8004000 JavaThread "RMI TCP Connection(15)-127.0.0.1" daemon [_thread_in_native, id=6163, stack(0x00007ff7ffdfe000,0x00007ff7ffeff000)]
  0x00007ff7f8006000 JavaThread "RMI TCP Connection(14)-127.0.0.1" daemon [_thread_in_native, id=6156, stack(0x00007ff7fdad7000,0x00007ff7fdbd8000)]
  0x00007ff7f8003000 JavaThread "RMI TCP Connection(13)-127.0.0.1" daemon [_thread_in_native, id=6155, stack(0x00007ff7ffafb000,0x00007ff7ffbfc000)]
  0x00007ff7f8001800 JavaThread "RMI TCP Connection(12)-127.0.0.1" daemon [_thread_in_native, id=6154, stack(0x00007ff7ff6f9000,0x00007ff7ff7fa000)]
  0x00007ff7d8002000 JavaThread "RMI RenewClean-[127.0.0.1:33149,org.jetbrains.kotlin.daemon.common.LoopbackNetworkInterface$ClientLoopbackSocketFactory@20e0ae70]" daemon [_thread_blocked, id=6060, stack(0x00007ff7fd574000,0x00007ff7fd675000)]
  0x00007ff7e8011000 JavaThread "RMI Scheduler(0)" daemon [_thread_blocked, id=5243, stack(0x00007ff7ff7fa000,0x00007ff7ff8fb000)]
  0x00007ff84c00c800 JavaThread "DestroyJavaVM" [_thread_blocked, id=5223, stack(0x00007ff85462d000,0x00007ff85472d000)]
  0x00007ff84c30e000 JavaThread "GC Daemon" daemon [_thread_blocked, id=5241, stack(0x00007ff7ffbfc000,0x00007ff7ffcfd000)]
  0x00007ff84c307800 JavaThread "RMI Reaper" [_thread_blocked, id=5240, stack(0x00007ff7ffcfd000,0x00007ff7ffdfe000)]
  0x00007ff84c2f6800 JavaThread "Timer-0" daemon [_thread_blocked, id=5238, stack(0x00007ff7ffeff000,0x00007ff800000000)]
  0x00007ff84c2f3000 JavaThread "RMI TCP Accept-17103" daemon [_thread_in_native, id=5237, stack(0x00007ff82c085000,0x00007ff82c186000)]
  0x00007ff84c0ca800 JavaThread "Service Thread" daemon [_thread_blocked, id=5235, stack(0x00007ff82fafb000,0x00007ff82fbfc000)]
  0x00007ff84c0bf000 JavaThread "C1 CompilerThread2" daemon [_thread_blocked, id=5234, stack(0x00007ff82fbfd000,0x00007ff82fcfd000)]
  0x00007ff84c0bd800 JavaThread "C2 CompilerThread1" daemon [_thread_blocked, id=5233, stack(0x00007ff82fcfe000,0x00007ff82fdfe000)]
  0x00007ff84c0ba800 JavaThread "C2 CompilerThread0" daemon [_thread_blocked, id=5232, stack(0x00007ff82fdff000,0x00007ff82feff000)]
  0x00007ff84c0b9000 JavaThread "Signal Dispatcher" daemon [_thread_blocked, id=5231, stack(0x00007ff82feff000,0x00007ff830000000)]
  0x00007ff84c086000 JavaThread "Finalizer" daemon [_thread_blocked, id=5230, stack(0x00007ff8349fa000,0x00007ff834afb000)]
  0x00007ff84c081800 JavaThread "Reference Handler" daemon [_thread_blocked, id=5229, stack(0x00007ff834afb000,0x00007ff834bfc000)]

Other Threads:
=>0x00007ff84c07a000 VMThread [stack: 0x00007ff834bfd000,0x00007ff834cfd000] [id=5228]
  0x00007ff84c0cd000 WatcherThread [stack: 0x00007ff82f9fb000,0x00007ff82fafb000] [id=5236]

VM state:at safepoint (normal execution)

VM Mutex/Monitor currently owned by a thread:  ([mutex/lock_event])
[0x00007ff84c008b80] Threads_lock - owner thread: 0x00007ff84c07a000
[0x00007ff84c009080] Heap_lock - owner thread: 0x00007ff7f8009000

Heap:
 PSYoungGen      total 327168K, used 55539K [0x00000000e0000000, 0x00000000f7b00000, 0x0000000100000000)
  eden space 266240K, 0% used [0x00000000e0000000,0x00000000e0000000,0x00000000f0400000)
  from space 60928K, 91% used [0x00000000f0400000,0x00000000f3a3cf80,0x00000000f3f80000)
  to   space 60416K, 0% used [0x00000000f4000000,0x00000000f4000000,0x00000000f7b00000)
 ParOldGen       total 132096K, used 80269K [0x00000000a0000000, 0x00000000a8100000, 0x00000000e0000000)
  object space 132096K, 60% used [0x00000000a0000000,0x00000000a4e63478,0x00000000a8100000)
 Metaspace       used 65729K, capacity 67660K, committed 67888K, reserved 1110016K
  class space    used 7653K, capacity 8129K, committed 8240K, reserved 1048576K

Card table byte_map: [0x00007ff85109f000,0x00007ff8513a0000] byte_map_base: 0x00007ff850b9f000

Marking Bits: (ParMarkBitMap*) 0x00007ff853ae1160
 Begin Bits: [0x00007ff835000000, 0x00007ff836800000)
 End Bits:   [0x00007ff836800000, 0x00007ff838000000)

Polling page: 0x00007ff85474e000

CodeCache: size=245760Kb used=33283Kb max_used=34050Kb free=212476Kb
 bounds [0x00007ff83d000000, 0x00007ff83f1b0000, 0x00007ff84c000000]
 total_blobs=10080 nmethods=9545 adapters=447
 compilation: enabled

Compilation events (10 events):
Event: 1452,550 Thread 0x00007ff84c0bf000 11956   !   3       com.sun.tools.javac.tree.Pretty::visitAnnotation (48 bytes)
Event: 1452,551 Thread 0x00007ff84c0bf000 nmethod 11956 0x00007ff83df2fa10 code [0x00007ff83df2fbe0, 0x00007ff83df303b8]
Event: 1452,551 Thread 0x00007ff84c0bf000 11959       3       com.sun.tools.javac.util.Context::key (50 bytes)
Event: 1452,552 Thread 0x00007ff84c0bf000 nmethod 11959 0x00007ff83eac1c10 code [0x00007ff83eac1de0, 0x00007ff83eac24c8]
Event: 1452,552 Thread 0x00007ff84c0bf000 11960       3       com.sun.tools.javac.jvm.ClassReader$AttributeReader::<init> (26 bytes)
Event: 1452,552 Thread 0x00007ff84c0bf000 nmethod 11960 0x00007ff83e857bd0 code [0x00007ff83e857d40, 0x00007ff83e857f30]
Event: 1452,555 Thread 0x00007ff84c0bf000 11961       3       java.util.EnumSet::copyOf (81 bytes)
Event: 1452,556 Thread 0x00007ff84c0bf000 nmethod 11961 0x00007ff83dda1a50 code [0x00007ff83dda1cc0, 0x00007ff83dda2bc8]
Event: 1452,573 Thread 0x00007ff84c0bd800 nmethod 11920 0x00007ff83eba7490 code [0x00007ff83eba7a20, 0x00007ff83eba9df0]
Event: 1452,573 Thread 0x00007ff84c0bd800 11957       4       com.sun.tools.javac.tree.Pretty::print (15 bytes)

GC Heap History (10 events):
Event: 1337,734 GC heap after
Heap after GC invocations=16 (full 3):
 PSYoungGen      total 170496K, used 10946K [0x00000000e0000000, 0x00000000ef480000, 0x0000000100000000)
  eden space 136192K, 0% used [0x00000000e0000000,0x00000000e0000000,0x00000000e8500000)
  from space 34304K, 31% used [0x00000000e8500000,0x00000000e8fb0a00,0x00000000ea680000)
  to   space 32768K, 0% used [0x00000000ed480000,0x00000000ed480000,0x00000000ef480000)
 ParOldGen       total 86528K, used 43214K [0x00000000a0000000, 0x00000000a5480000, 0x00000000e0000000)
  object space 86528K, 49% used [0x00000000a0000000,0x00000000a2a33a40,0x00000000a5480000)
 Metaspace       used 52399K, capacity 53470K, committed 53936K, reserved 1097728K
  class space    used 6281K, capacity 6562K, committed 6576K, reserved 1048576K
}
Event: 1341,613 GC heap before
{Heap before GC invocations=17 (full 3):
 PSYoungGen      total 170496K, used 147138K [0x00000000e0000000, 0x00000000ef480000, 0x0000000100000000)
  eden space 136192K, 100% used [0x00000000e0000000,0x00000000e8500000,0x00000000e8500000)
  from space 34304K, 31% used [0x00000000e8500000,0x00000000e8fb0a00,0x00000000ea680000)
  to   space 32768K, 0% used [0x00000000ed480000,0x00000000ed480000,0x00000000ef480000)
 ParOldGen       total 86528K, used 43214K [0x00000000a0000000, 0x00000000a5480000, 0x00000000e0000000)
  object space 86528K, 49% used [0x00000000a0000000,0x00000000a2a33a40,0x00000000a5480000)
 Metaspace       used 53736K, capacity 54924K, committed 55472K, reserved 1097728K
  class space    used 6403K, capacity 6707K, committed 6832K, reserved 1048576K
Event: 1342,728 GC heap after
Heap after GC invocations=17 (full 3):
 PSYoungGen      total 206336K, used 32745K [0x00000000e0000000, 0x00000000f1980000, 0x0000000100000000)
  eden space 173568K, 0% used [0x00000000e0000000,0x00000000e0000000,0x00000000ea980000)
  from space 32768K, 99% used [0x00000000ed480000,0x00000000ef47a4a8,0x00000000ef480000)
  to   space 44032K, 0% used [0x00000000ea980000,0x00000000ea980000,0x00000000ed480000)
 ParOldGen       total 86528K, used 59222K [0x00000000a0000000, 0x00000000a5480000, 0x00000000e0000000)
  object space 86528K, 68% used [0x00000000a0000000,0x00000000a39d5b38,0x00000000a5480000)
 Metaspace       used 53736K, capacity 54924K, committed 55472K, reserved 1097728K
  class space    used 6403K, capacity 6707K, committed 6832K, reserved 1048576K
}
Event: 1345,648 GC heap before
{Heap before GC invocations=18 (full 3):
 PSYoungGen      total 206336K, used 206313K [0x00000000e0000000, 0x00000000f1980000, 0x0000000100000000)
  eden space 173568K, 100% used [0x00000000e0000000,0x00000000ea980000,0x00000000ea980000)
  from space 32768K, 99% used [0x00000000ed480000,0x00000000ef47a4a8,0x00000000ef480000)
  to   space 44032K, 0% used [0x00000000ea980000,0x00000000ea980000,0x00000000ed480000)
 ParOldGen       total 86528K, used 59222K [0x00000000a0000000, 0x00000000a5480000, 0x00000000e0000000)
  object space 86528K, 68% used [0x00000000a0000000,0x00000000a39d5b38,0x00000000a5480000)
 Metaspace       used 55043K, capacity 56222K, committed 56752K, reserved 1099776K
  class space    used 6461K, capacity 6750K, committed 6832K, reserved 1048576K
Event: 1348,032 GC heap after
Heap after GC invocations=18 (full 3):
 PSYoungGen      total 217600K, used 44010K [0x00000000e0000000, 0x00000000f7c00000, 0x0000000100000000)
  eden space 173568K, 0% used [0x00000000e0000000,0x00000000e0000000,0x00000000ea980000)
  from space 44032K, 99% used [0x00000000ea980000,0x00000000ed47a930,0x00000000ed480000)
  to   space 61440K, 0% used [0x00000000f4000000,0x00000000f4000000,0x00000000f7c00000)
 ParOldGen       total 88064K, used 87982K [0x00000000a0000000, 0x00000000a5600000, 0x00000000e0000000)
  object space 88064K, 99% used [0x00000000a0000000,0x00000000a55eba10,0x00000000a5600000)
 Metaspace       used 55043K, capacity 56222K, committed 56752K, reserved 1099776K
  class space    used 6461K, capacity 6750K, committed 6832K, reserved 1048576K
}
Event: 1348,032 GC heap before
{Heap before GC invocations=19 (full 4):
 PSYoungGen      total 217600K, used 44010K [0x00000000e0000000, 0x00000000f7c00000, 0x0000000100000000)
  eden space 173568K, 0% used [0x00000000e0000000,0x00000000e0000000,0x00000000ea980000)
  from space 44032K, 99% used [0x00000000ea980000,0x00000000ed47a930,0x00000000ed480000)
  to   space 61440K, 0% used [0x00000000f4000000,0x00000000f4000000,0x00000000f7c00000)
 ParOldGen       total 88064K, used 87982K [0x00000000a0000000, 0x00000000a5600000, 0x00000000e0000000)
  object space 88064K, 99% used [0x00000000a0000000,0x00000000a55eba10,0x00000000a5600000)
 Metaspace       used 55043K, capacity 56222K, committed 56752K, reserved 1099776K
  class space    used 6461K, capacity 6750K, committed 6832K, reserved 1048576K
Event: 1350,657 GC heap after
Heap after GC invocations=19 (full 4):
 PSYoungGen      total 217600K, used 0K [0x00000000e0000000, 0x00000000f7c00000, 0x0000000100000000)
  eden space 173568K, 0% used [0x00000000e0000000,0x00000000e0000000,0x00000000ea980000)
  from space 44032K, 0% used [0x00000000ea980000,0x00000000ea980000,0x00000000ed480000)
  to   space 61440K, 0% used [0x00000000f4000000,0x00000000f4000000,0x00000000f7c00000)
 ParOldGen       total 132096K, used 63371K [0x00000000a0000000, 0x00000000a8100000, 0x00000000e0000000)
  object space 132096K, 47% used [0x00000000a0000000,0x00000000a3de2df8,0x00000000a8100000)
 Metaspace       used 54810K, capacity 55918K, committed 56752K, reserved 1099776K
  class space    used 6439K, capacity 6710K, committed 6832K, reserved 1048576K
}
Event: 1354,333 GC heap before
{Heap before GC invocations=20 (full 4):
 PSYoungGen      total 217600K, used 173568K [0x00000000e0000000, 0x00000000f7c00000, 0x0000000100000000)
  eden space 173568K, 100% used [0x00000000e0000000,0x00000000ea980000,0x00000000ea980000)
  from space 44032K, 0% used [0x00000000ea980000,0x00000000ea980000,0x00000000ed480000)
  to   space 61440K, 0% used [0x00000000f4000000,0x00000000f4000000,0x00000000f7c00000)
 ParOldGen       total 132096K, used 63371K [0x00000000a0000000, 0x00000000a8100000, 0x00000000e0000000)
  object space 132096K, 47% used [0x00000000a0000000,0x00000000a3de2df8,0x00000000a8100000)
 Metaspace       used 57431K, capacity 58670K, committed 59056K, reserved 1101824K
  class space    used 6722K, capacity 7032K, committed 7088K, reserved 1048576K
Event: 1354,486 GC heap after
Heap after GC invocations=20 (full 4):
 PSYoungGen      total 326656K, used 32081K [0x00000000e0000000, 0x00000000f7b00000, 0x0000000100000000)
  eden space 266240K, 0% used [0x00000000e0000000,0x00000000e0000000,0x00000000f0400000)
  from space 60416K, 53% used [0x00000000f4000000,0x00000000f5f54500,0x00000000f7b00000)
  to   space 60928K, 0% used [0x00000000f0400000,0x00000000f0400000,0x00000000f3f80000)
 ParOldGen       total 132096K, used 63379K [0x00000000a0000000, 0x00000000a8100000, 0x00000000e0000000)
  object space 132096K, 47% used [0x00000000a0000000,0x00000000a3de4df8,0x00000000a8100000)
 Metaspace       used 57431K, capacity 58670K, committed 59056K, reserved 1101824K
  class space    used 6722K, capacity 7032K, committed 7088K, reserved 1048576K
}
Event: 1452,617 GC heap before
{Heap before GC invocations=21 (full 4):
 PSYoungGen      total 326656K, used 298321K [0x00000000e0000000, 0x00000000f7b00000, 0x0000000100000000)
  eden space 266240K, 100% used [0x00000000e0000000,0x00000000f0400000,0x00000000f0400000)
  from space 60416K, 53% used [0x00000000f4000000,0x00000000f5f54500,0x00000000f7b00000)
  to   space 60928K, 0% used [0x00000000f0400000,0x00000000f0400000,0x00000000f3f80000)
 ParOldGen       total 132096K, used 63379K [0x00000000a0000000, 0x00000000a8100000, 0x00000000e0000000)
  object space 132096K, 47% used [0x00000000a0000000,0x00000000a3de4df8,0x00000000a8100000)
 Metaspace       used 65729K, capacity 67660K, committed 67888K, reserved 1110016K
  class space    used 7653K, capacity 8129K, committed 8240K, reserved 1048576K

Deoptimization events (10 events):
Event: 1450,565 Thread 0x00007ff7f8008000 Uncommon trap: reason=unstable_if action=reinterpret pc=0x00007ff83e618eb0 method=org.jetbrains.kotlin.com.intellij.lang.java.parser.DeclarationParser.parseFieldOrLocalVariable(Lorg/jetbrains/kotlin/com/intellij/lang/PsiBuilder;Lorg/jetbrains/kotlin/com/i
Event: 1450,568 Thread 0x00007ff7f8008000 Uncommon trap: reason=class_check action=maybe_recompile pc=0x00007ff83e5effac method=org.jetbrains.kotlin.com.intellij.lang.java.parser.DeclarationParser.eatBrackets(Lorg/jetbrains/kotlin/com/intellij/lang/PsiBuilder;Ljava/lang/String;)Z @ 1
Event: 1450,577 Thread 0x00007ff7f8008000 Uncommon trap: reason=class_check action=maybe_recompile pc=0x00007ff83e5effac method=org.jetbrains.kotlin.com.intellij.lang.java.parser.DeclarationParser.eatBrackets(Lorg/jetbrains/kotlin/com/intellij/lang/PsiBuilder;Ljava/lang/String;)Z @ 1
Event: 1450,578 Thread 0x00007ff7f8008000 Uncommon trap: reason=class_check action=maybe_recompile pc=0x00007ff83e5effac method=org.jetbrains.kotlin.com.intellij.lang.java.parser.DeclarationParser.eatBrackets(Lorg/jetbrains/kotlin/com/intellij/lang/PsiBuilder;Ljava/lang/String;)Z @ 1
Event: 1450,580 Thread 0x00007ff7f8008000 Uncommon trap: reason=class_check action=maybe_recompile pc=0x00007ff83e5effac method=org.jetbrains.kotlin.com.intellij.lang.java.parser.DeclarationParser.eatBrackets(Lorg/jetbrains/kotlin/com/intellij/lang/PsiBuilder;Ljava/lang/String;)Z @ 1
Event: 1452,085 Thread 0x00007ff7f8009000 Uncommon trap: reason=unstable_if action=reinterpret pc=0x00007ff83e84b500 method=com.sun.tools.javac.parser.JavaTokenizer.readToken()Lcom/sun/tools/javac/parser/Tokens$Token; @ 1248
Event: 1452,242 Thread 0x00007ff7f8009000 Uncommon trap: reason=bimorphic action=maybe_recompile pc=0x00007ff83e251854 method=com.sun.tools.javac.jvm.ClassReader.fillIn(Lcom/sun/tools/javac/code/Symbol$PackageSymbol;Ljavax/tools/JavaFileManager$Location;Ljava/lang/Iterable;)V @ 86
Event: 1452,242 Thread 0x00007ff7f8009000 Uncommon trap: reason=bimorphic action=maybe_recompile pc=0x00007ff83e251854 method=com.sun.tools.javac.jvm.ClassReader.fillIn(Lcom/sun/tools/javac/code/Symbol$PackageSymbol;Ljavax/tools/JavaFileManager$Location;Ljava/lang/Iterable;)V @ 86
Event: 1452,242 Thread 0x00007ff7f8009000 Uncommon trap: reason=bimorphic action=maybe_recompile pc=0x00007ff83e251854 method=com.sun.tools.javac.jvm.ClassReader.fillIn(Lcom/sun/tools/javac/code/Symbol$PackageSymbol;Ljavax/tools/JavaFileManager$Location;Ljava/lang/Iterable;)V @ 86
Event: 1452,242 Thread 0x00007ff7f8009000 Uncommon trap: reason=bimorphic action=maybe_recompile pc=0x00007ff83e251854 method=com.sun.tools.javac.jvm.ClassReader.fillIn(Lcom/sun/tools/javac/code/Symbol$PackageSymbol;Ljavax/tools/JavaFileManager$Location;Ljava/lang/Iterable;)V @ 86

Classes redefined (0 events):
No events

Internal exceptions (10 events):
Event: 1353,958 Thread 0x00007ff7f8004000 Implicit null exception at 0x00007ff83eb10b2f to 0x00007ff83eb1138d
Event: 1354,905 Thread 0x00007ff7f8004000 Implicit null exception at 0x00007ff83d5bed0c to 0x00007ff83d5bedd1
Event: 1354,914 Thread 0x00007ff7f8004000 Implicit null exception at 0x00007ff83ebbaa50 to 0x00007ff83ebbae9d
Event: 1355,065 Thread 0x00007ff7f8004000 Implicit null exception at 0x00007ff83ef127d0 to 0x00007ff83ef12957
Event: 1355,300 Thread 0x00007ff7f8004000 Implicit null exception at 0x00007ff83d8fba6d to 0x00007ff83d8fc14d
Event: 1355,691 Thread 0x00007ff7f8004000 Implicit null exception at 0x00007ff83d2974f5 to 0x00007ff83d2976d1
Event: 1355,721 Thread 0x00007ff7f8004000 Implicit null exception at 0x00007ff83d5470cc to 0x00007ff83d547136
Event: 1356,168 Thread 0x00007ff7f8004000 Exception <a 'java/lang/NoSuchMethodError': java.lang.Object.lambda$static$0(Lorg/jetbrains/kotlin/descriptors/ValueParameterDescriptor;Lorg/jetbrains/kotlin/codegen/ExpressionCodegen;)Lorg/jetbrains/kotlin/codegen/StackValue;> (0x00000000e3823250) thrown
Event: 1450,355 Thread 0x00007ff7cc056000 Exception <a 'java/lang/InterruptedException'> (0x00000000e54192f8) thrown at [/usr/local/google/home/ralucas/source/AOSP-openjdk-git/jdk8u/hotspot/src/share/vm/runtime/objectMonitor.cpp, line 1684]
Event: 1451,568 Thread 0x00007ff7d403a000 Exception <a 'java/lang/InterruptedException'> (0x00000000e89f3748) thrown at [/usr/local/google/home/ralucas/source/AOSP-openjdk-git/jdk8u/hotspot/src/share/vm/runtime/objectMonitor.cpp, line 1684]

Events (10 events):
Event: 1452,453 loading class com/bumptech/glide/annotation/GlideExtension done
Event: 1452,470 Thread 0x00007ff7f8009000 DEOPT PACKING pc=0x00007ff83da52b9c sp=0x00007ff7fe6f3f50
Event: 1452,470 Thread 0x00007ff7f8009000 DEOPT UNPACKING pc=0x00007ff83d0474c4 sp=0x00007ff7fe6f3ca0 mode 0
Event: 1452,544 loading class org/jetbrains/kotlin/cli/common/messages/GroupingMessageCollector
Event: 1452,544 loading class org/jetbrains/kotlin/cli/common/messages/GroupingMessageCollector done
Event: 1452,545 loading class com/sun/tools/javac/util/JCDiagnostic
Event: 1452,545 loading class com/sun/tools/javac/util/JCDiagnostic done
Event: 1452,545 loading class com/sun/tools/javac/util/JCDiagnostic$DiagnosticType
Event: 1452,545 loading class com/sun/tools/javac/util/JCDiagnostic$DiagnosticType done
Event: 1452,583 Executing VM operation: ParallelGCFailedAllocation


Dynamic libraries:
a0000000-a8100000 rw-p 00000000 00:00 0 
a8100000-e0000000 ---p 00000000 00:00 0 
e0000000-f7b00000 rw-p 00000000 00:00 0 
fe400000-100000000 ---p 00000000 00:00 0 
100000000-10080c000 rw-p 00000000 00:00 0 
10080c000-140000000 ---p 00000000 00:00 0 
55e7339c3000-55e7339c4000 r-xp 00000000 07:09 4190                       /snap/android-studio/69/android-studio/jre/jre/bin/java
55e733bc3000-55e733bc4000 r--p 00000000 07:09 4190                       /snap/android-studio/69/android-studio/jre/jre/bin/java
55e733bc4000-55e733bc5000 rw-p 00001000 07:09 4190                       /snap/android-studio/69/android-studio/jre/jre/bin/java
55e7341f3000-55e734214000 rw-p 00000000 00:00 0                          [heap]
7ff7c3cdf000-7ff7c3d1f000 rw-p 00000000 00:00 0 
7ff7c3d1f000-7ff7c3edf000 ---p 00000000 00:00 0 
7ff7c3edf000-7ff7c4000000 r--s 02b7d000 08:02 1972848                    /home/diego/Android/Sdk/platforms/android-28/android.jar
7ff7c4000000-7ff7c4021000 rw-p 00000000 00:00 0 
7ff7c4021000-7ff7c8000000 ---p 00000000 00:00 0 
7ff7c8000000-7ff7c8021000 rw-p 00000000 00:00 0 
7ff7c8021000-7ff7cc000000 ---p 00000000 00:00 0 
7ff7cc000000-7ff7cc3de000 rw-p 00000000 00:00 0 
7ff7cc3de000-7ff7d0000000 ---p 00000000 00:00 0 
7ff7d0000000-7ff7d0021000 rw-p 00000000 00:00 0 
7ff7d0021000-7ff7d4000000 ---p 00000000 00:00 0 
7ff7d4000000-7ff7d4421000 rw-p 00000000 00:00 0 
7ff7d4421000-7ff7d8000000 ---p 00000000 00:00 0 
7ff7d8000000-7ff7d85e6000 rw-p 00000000 00:00 0 
7ff7d85e6000-7ff7dc000000 ---p 00000000 00:00 0 
7ff7dc000000-7ff7dc021000 rw-p 00000000 00:00 0 
7ff7dc021000-7ff7e0000000 ---p 00000000 00:00 0 
7ff7e0000000-7ff7e010b000 rw-p 00000000 00:00 0 
7ff7e010b000-7ff7e4000000 ---p 00000000 00:00 0 
7ff7e4000000-7ff7e4021000 rw-p 00000000 00:00 0 
7ff7e4021000-7ff7e8000000 ---p 00000000 00:00 0 
7ff7e8000000-7ff7e828e000 rw-p 00000000 00:00 0 
7ff7e828e000-7ff7ec000000 ---p 00000000 00:00 0 
7ff7ec000000-7ff7ecbfc000 rw-p 00000000 00:00 0 
7ff7ecbfc000-7ff7f0000000 ---p 00000000 00:00 0 
7ff7f0000000-7ff7f0021000 rw-p 00000000 00:00 0 
7ff7f0021000-7ff7f4000000 ---p 00000000 00:00 0 
7ff7f4000000-7ff7f4021000 rw-p 00000000 00:00 0 
7ff7f4021000-7ff7f8000000 ---p 00000000 00:00 0 
7ff7f8000000-7ff7f8021000 rw-p 00000000 00:00 0 
7ff7f8021000-7ff7fc000000 ---p 00000000 00:00 0 
7ff7fc033000-7ff7fc233000 rw-p 00000000 00:00 0 
7ff7fc233000-7ff7fc433000 rw-p 00000000 00:00 0 
7ff7fc433000-7ff7fc633000 rw-p 00000000 00:00 0 
7ff7fc633000-7ff7fc833000 rw-p 00000000 00:00 0 
7ff7fc833000-7ff7fca33000 rw-p 00000000 00:00 0 
7ff7fca53000-7ff7fca56000 ---p 00000000 00:00 0 
7ff7fca56000-7ff7fcd54000 rw-p 00000000 00:00 0 
7ff7fcd54000-7ff7fcf54000 rw-p 00000000 00:00 0 
7ff7fcf54000-7ff7fd154000 rw-p 00000000 00:00 0 
7ff7fd154000-7ff7fd354000 rw-p 00000000 00:00 0 
7ff7fd354000-7ff7fd554000 rw-p 00000000 00:00 0 
7ff7fd569000-7ff7fd56b000 r--s 0001c000 08:02 1973442                    /home/diego/.gradle/caches/modules-2/files-2.1/com.android.support.constraint/constraint-layout-solver/1.1.3/bde0667d7414c16ed62d3cfe993cff7f9d732373/constraint-layout-solver-1.1.3.jar
7ff7fd56b000-7ff7fd56d000 r--s 00005000 08:02 1980945                    /home/diego/.gradle/caches/modules-2/files-2.1/com.android.support/support-annotations/28.0.0/ed73f5337a002d1fd24339d5fb08c2c9d9ca60d8/support-annotations-28.0.0.jar
7ff7fd56d000-7ff7fd56e000 r--s 00001000 08:02 1730469                    /home/diego/.gradle/caches/transforms-1/files-1.1/interpolator-28.0.0.aar/adee704c70d5de3e43e1b7275ce72edb/jars/classes.jar
7ff7fd56e000-7ff7fd56f000 r--s 00002000 08:02 1730443                    /home/diego/.gradle/caches/transforms-1/files-1.1/cursoradapter-28.0.0.aar/b0b948e477e321662430a66193970347/jars/classes.jar
7ff7fd56f000-7ff7fd571000 r--s 00009000 08:02 1980937                    /home/diego/.gradle/caches/modules-2/files-2.1/com.android.support/collections/28.0.0/c1bcdade4d3cc2836130424a3f3e4182c666a745/collections-28.0.0.jar
7ff7fd571000-7ff7fd572000 r--s 00006000 08:02 1730452                    /home/diego/.gradle/caches/transforms-1/files-1.1/versionedparcelable-28.0.0.aar/f6408a73d6b84fc3af609aa6e65abba2/jars/classes.jar
7ff7fd572000-7ff7fd573000 r--s 00003000 08:02 1730465                    /home/diego/.gradle/caches/transforms-1/files-1.1/print-28.0.0.aar/e207b0ef62ccb7a146b11790221f1e93/jars/classes.jar
7ff7fd573000-7ff7fd574000 r--s 00001000 08:02 1730463                    /home/diego/.gradle/caches/transforms-1/files-1.1/localbroadcastmanager-28.0.0.aar/acc6f04068dbb70b4badd0a77100c2d2/jars/classes.jar
7ff7fd574000-7ff7fd577000 ---p 00000000 00:00 0 
7ff7fd577000-7ff7fd675000 rw-p 00000000 00:00 0 
7ff7fd675000-7ff7fd678000 ---p 00000000 00:00 0 
7ff7fd678000-7ff7fd976000 rw-p 00000000 00:00 0 
7ff7fd976000-7ff7fd977000 r--s 00002000 08:02 1730466                    /home/diego/.gradle/caches/transforms-1/files-1.1/documentfile-28.0.0.aar/391f2b9aba9648b71e52d065fe294166/jars/classes.jar
7ff7fd977000-7ff7fd979000 r--s 00004000 08:02 1976600                    /home/diego/.gradle/caches/modules-2/files-2.1/android.arch.lifecycle/common/1.1.1/207a6efae6a3555e326de41f76bdadd9a239cbce/common-1.1.1.jar
7ff7fd979000-7ff7fd97a000 r--s 00002000 08:02 1976602                    /home/diego/.gradle/caches/modules-2/files-2.1/android.arch.core/common/1.1.1/e55b70d1f5620db124b3e85a7f4bdc7bd48d9f95/common-1.1.1.jar
7ff7fd97a000-7ff7fd97b000 r--s 00002000 08:02 2496915                    /home/diego/.gradle/caches/transforms-1/files-1.1/runtime-1.1.1.aar/5d7b2659a104a2414f921c2586925f43/jars/classes.jar
7ff7fd97b000-7ff7fd987000 r--s 0008e000 08:02 1730313                    /home/diego/.gradle/caches/transforms-1/files-1.1/support-compat-28.0.0.aar/84cb67b9bb4aa97db6703096555ebd06/jars/classes.jar
7ff7fd987000-7ff7fd988000 r--s 00001000 08:02 1730441                    /home/diego/.gradle/caches/transforms-1/files-1.1/asynclayoutinflater-28.0.0.aar/eabab71c896ac2ad09206e9e9fcc7253/jars/classes.jar
7ff7fd988000-7ff7fd98a000 r--s 00007000 08:02 1730318                    /home/diego/.gradle/caches/transforms-1/files-1.1/swiperefreshlayout-28.0.0.aar/36674f1dc3d422696de98b782cab735c/jars/classes.jar
7ff7fd98a000-7ff7fd98c000 r--s 00007000 08:02 1730307                    /home/diego/.gradle/caches/transforms-1/files-1.1/customview-28.0.0.aar/48188b02708ab4d12a3d564565231a7f/jars/classes.jar
7ff7fd98c000-7ff7fd98d000 r--s 00005000 08:02 1459717                    /home/diego/.gradle/caches/transforms-1/files-1.1/slidingpanelayout-28.0.0.aar/87b148b2fab167ab45a4c8a79fbb414d/jars/classes.jar
7ff7fd98d000-7ff7fd98e000 r--s 00007000 08:02 1459723                    /home/diego/.gradle/caches/transforms-1/files-1.1/drawerlayout-28.0.0.aar/87d7951f556e3d2b0566b8a1dbbe145b/jars/classes.jar
7ff7fd98e000-7ff7fd990000 r--s 00009000 08:02 1332725                    /home/diego/.gradle/caches/transforms-1/files-1.1/coordinatorlayout-28.0.0.aar/2dcfc4c6deeb2dfaab7e2079a65b6449/jars/classes.jar
7ff7fd990000-7ff7fd992000 r--s 0000c000 08:02 1459720                    /home/diego/.gradle/caches/transforms-1/files-1.1/viewpager-28.0.0.aar/a75409c8cd2d00c0b91211fd263c9976/jars/classes.jar
7ff7fd992000-7ff7fd994000 r--s 00000000 08:02 2496917                    /home/diego/.gradle/caches/transforms-1/files-1.1/runtime-1.1.1.aar/2630461c9c755ad7b590f0e6a1fc0523/jars/classes.jar
7ff7fd994000-7ff7fd996000 r--s 00001000 08:02 3546670                    /home/diego/.gradle/caches/transforms-1/files-1.1/livedata-core-1.1.1.aar/993a65ecf6423c5474c8aa3f74cb1ce1/jars/classes.jar
7ff7fd996000-7ff7fd997000 r--s 00002000 08:02 1730455                    /home/diego/.gradle/caches/transforms-1/files-1.1/livedata-1.1.1.aar/2c0d95291bf03b08fd5e4f4a796f4b51/jars/classes.jar
7ff7fd997000-7ff7fd998000 r--s 00001000 08:02 3546667                    /home/diego/.gradle/caches/transforms-1/files-1.1/viewmodel-1.1.1.aar/516e41937648ec013d510260ab08a3c2/jars/classes.jar
7ff7fd998000-7ff7fd99a000 r--s 00007000 08:02 1332720                    /home/diego/.gradle/caches/transforms-1/files-1.1/loader-28.0.0.aar/3a9b59b331277017974b13849cd3c520/jars/classes.jar
7ff7fd99a000-7ff7fd99b000 r--s 00000000 08:02 1332716                    /home/diego/.gradle/caches/transforms-1/files-1.1/support-core-utils-28.0.0.aar/d2e3a99b4d99c23da101a0848b2ca968/jars/classes.jar
7ff7fd99b000-7ff7fd99c000 r--s 00002000 08:02 1332713                    /home/diego/.gradle/caches/transforms-1/files-1.1/support-core-ui-28.0.0.aar/43d6aabc87a333931ddcef99cf9d01a5/jars/classes.jar
7ff7fd99c000-7ff7fd99f000 r--s 00026000 08:02 1332710                    /home/diego/.gradle/caches/transforms-1/files-1.1/support-fragment-28.0.0.aar/b34c9854bd0c4ae5a49ffe15e34c2a72/jars/classes.jar
7ff7fd99f000-7ff7fd9a7000 r--s 0004c000 08:02 1459699                    /home/diego/.gradle/caches/transforms-1/files-1.1/support-media-compat-26.1.0.aar/f90d8d40fe55b7d8bc042d6b2944b84e/jars/classes.jar
7ff7fd9a7000-7ff7fd9a8000 r--s 00000000 08:02 1459682                    /home/diego/.gradle/caches/transforms-1/files-1.1/support-v4-26.1.0.aar/022467a1ec2e8577529c9806cf406c76/jars/classes.jar
7ff7fd9a8000-7ff7fd9b1000 r--s 0009d000 08:02 1459499                    /home/diego/.gradle/caches/transforms-1/files-1.1/play-services-basement-15.0.1.aar/1164ea158e791a1600267f0ed2daa827/jars/classes.jar
7ff7fd9b1000-7ff7fd9d6000 r--s 002ba000 08:02 3157577                    /home/diego/.gradle/caches/transforms-1/files-1.1/firebase-firestore-15.0.0.aar/6a89ae74a58ab9ef713adae65cf2def1/jars/classes.jar
7ff7fd9d6000-7ff7fd9d9000 ---p 00000000 00:00 0 
7ff7fd9d9000-7ff7fdad7000 rw-p 00000000 00:00 0 
7ff7fdad7000-7ff7fdada000 ---p 00000000 00:00 0 
7ff7fdada000-7ff7fddd8000 rw-p 00000000 00:00 0 
7ff7fddd8000-7ff7fdfd8000 rw-p 00000000 00:00 0 
7ff7fdfd8000-7ff7fe1d8000 rw-p 00000000 00:00 0 
7ff7fe1d8000-7ff7fe3d8000 rw-p 00000000 00:00 0 
7ff7fe3d8000-7ff7fe5d8000 rw-p 00000000 00:00 0 
7ff7fe5d8000-7ff7fe5d9000 r--s 00005000 08:02 1459418                    /home/diego/.gradle/caches/transforms-1/files-1.1/play-services-ads-identifier-15.0.1.aar/08281d55dce7365218990dd62420c9c3/jars/classes.jar
7ff7fe5d9000-7ff7fe5da000 r--s 00007000 08:02 1459287                    /home/diego/.gradle/caches/transforms-1/files-1.1/play-services-stats-15.0.1.aar/c7680e0778ababb280cefc6c6f228bd8/jars/classes.jar
7ff7fe5da000-7ff7fe5db000 r--s 00001000 08:02 1459893                    /home/diego/.gradle/caches/transforms-1/files-1.1/firebase-measurement-connector-16.0.0.aar/6434e121967a4d0e94087677559188d5/jars/classes.jar
7ff7fe5db000-7ff7fe5dd000 r--s 0000e000 08:02 3157588                    /home/diego/.gradle/caches/transforms-1/files-1.1/firebase-database-collection-15.0.1.aar/606e0ad239a5d146b8f14965d54ba634/jars/classes.jar
7ff7fe5dd000-7ff7fe5df000 r--s 00011000 08:02 1459279                    /home/diego/.gradle/caches/transforms-1/files-1.1/play-services-tasks-15.0.1.aar/922e07b875cc02738a02cf85441d30e3/jars/classes.jar
7ff7fe5df000-7ff7fe5ea000 r--s 000fe000 08:02 1459275                    /home/diego/.gradle/caches/transforms-1/files-1.1/play-services-base-15.0.1.aar/1ea340722369919c9375ad28f2f46e4b/jars/classes.jar
7ff7fe5ea000-7ff7fe5eb000 r--s 00000000 08:02 1459852                    /home/diego/.gradle/caches/transforms-1/files-1.1/firebase-iid-interop-16.0.0.aar/77aaf9ad5ac8161194e81527c011f9c8/jars/classes.jar
7ff7fe5eb000-7ff7fe5ed000 r--s 0000b000 08:02 1459863                    /home/diego/.gradle/caches/transforms-1/files-1.1/firebase-common-16.0.1.aar/3e5e040d77dc865e71688285334fdd4f/jars/classes.jar
7ff7fe5ed000-7ff7fe5ef000 r--s 00024000 08:02 1334266                    /home/diego/.gradle/caches/transforms-1/files-1.1/firebase-iid-17.0.0.aar/14b0dda3000d43824630a592c224382b/jars/classes.jar
7ff7fe5ef000-7ff7fe5f5000 r--s 000b2000 08:02 2886158                    /home/diego/.gradle/caches/transforms-1/files-1.1/firebase-analytics-impl-15.0.2.aar/1b1455f978cccd830e15ae3231b688d5/jars/classes.jar
7ff7fe5f5000-7ff7fe5f7000 r--s 00001000 08:02 2754344                    /home/diego/.gradle/caches/transforms-1/files-1.1/firebase-analytics-15.0.2.aar/87790a45b3c10cc070fa0ea341459c9f/jars/classes.jar
7ff7fe5f7000-7ff7fe5f8000 r--s 00004000 08:02 1983607                    /home/diego/.gradle/caches/modules-2/files-2.1/com.github.bumptech.glide/gifdecoder/4.4.0/d1b719df76b95c30cd4d1e018b7c196bad0cdab3/gifdecoder-4.4.0.jar
7ff7fe5f8000-7ff7fe5fb000 ---p 00000000 00:00 0 
7ff7fe5fb000-7ff7fe8f9000 rw-p 00000000 00:00 0 
7ff7fe8f9000-7ff7feaf9000 rw-p 00000000 00:00 0 
7ff7feaf9000-7ff7fecf9000 rw-p 00000000 00:00 0 
7ff7fecf9000-7ff7feef9000 rw-p 00000000 00:00 0 
7ff7feef9000-7ff7ff0f9000 rw-p 00000000 00:00 0 
7ff7ff0f9000-7ff7ff2f9000 rw-p 00000000 00:00 0 
7ff7ff2f9000-7ff7ff4f9000 rw-p 00000000 00:00 0 
7ff7ff4f9000-7ff7ff6f9000 rw-p 00000000 00:00 0 
7ff7ff6f9000-7ff7ff6fc000 ---p 00000000 00:00 0 
7ff7ff6fc000-7ff7ff7fa000 rw-p 00000000 00:00 0 
7ff7ff7fa000-7ff7ff7fd000 ---p 00000000 00:00 0 
7ff7ff7fd000-7ff7ffafb000 rw-p 00000000 00:00 0 
7ff7ffafb000-7ff7ffafe000 ---p 00000000 00:00 0 
7ff7ffafe000-7ff7ffbfc000 rw-p 00000000 00:00 0 
7ff7ffbfc000-7ff7ffbff000 ---p 00000000 00:00 0 
7ff7ffbff000-7ff7ffcfd000 rw-p 00000000 00:00 0 
7ff7ffcfd000-7ff7ffd00000 ---p 00000000 00:00 0 
7ff7ffd00000-7ff7ffdfe000 rw-p 00000000 00:00 0 
7ff7ffdfe000-7ff7ffe01000 ---p 00000000 00:00 0 
7ff7ffe01000-7ff7ffeff000 rw-p 00000000 00:00 0 
7ff7ffeff000-7ff7fff02000 ---p 00000000 00:00 0 
7ff7fff02000-7ff800000000 rw-p 00000000 00:00 0 
7ff800000000-7ff800021000 rw-p 00000000 00:00 0 
7ff800021000-7ff804000000 ---p 00000000 00:00 0 
7ff804000000-7ff804021000 rw-p 00000000 00:00 0 
7ff804021000-7ff808000000 ---p 00000000 00:00 0 
7ff808000000-7ff809a4a000 rw-p 00000000 00:00 0 
7ff809a4a000-7ff80c000000 ---p 00000000 00:00 0 
7ff80c000000-7ff80cbbe000 rw-p 00000000 00:00 0 
7ff80cbbe000-7ff810000000 ---p 00000000 00:00 0 
7ff810000000-7ff810021000 rw-p 00000000 00:00 0 
7ff810021000-7ff814000000 ---p 00000000 00:00 0 
7ff814000000-7ff8156af000 rw-p 00000000 00:00 0 
7ff8156af000-7ff818000000 ---p 00000000 00:00 0 
7ff818000000-7ff818021000 rw-p 00000000 00:00 0 
7ff818021000-7ff81c000000 ---p 00000000 00:00 0 
7ff81c000000-7ff81c021000 rw-p 00000000 00:00 0 
7ff81c021000-7ff820000000 ---p 00000000 00:00 0 
7ff820000000-7ff820021000 rw-p 00000000 00:00 0 
7ff820021000-7ff824000000 ---p 00000000 00:00 0 
7ff824000000-7ff82427d000 rw-p 00000000 00:00 0 
7ff82427d000-7ff828000000 ---p 00000000 00:00 0 
7ff828000000-7ff828021000 rw-p 00000000 00:00 0 
7ff828021000-7ff82c000000 ---p 00000000 00:00 0 
7ff82c000000-7ff82c004000 r--s 00029000 08:02 1856483                    /home/diego/.gradle/caches/transforms-1/files-1.1/transition-28.0.0.aar/58c343b2b84e368046db6002338f08dc/jars/classes.jar
7ff82c004000-7ff82c009000 r--s 00036000 08:02 1991777                    /home/diego/.gradle/caches/modules-2/files-2.1/com.google.code.gson/gson/2.8.5/f645ed69d595b24d4cf8b3fbb64cc505bede8829/gson-2.8.5.jar
7ff82c009000-7ff82c017000 r--s 00088000 08:02 1983609                    /home/diego/.gradle/caches/modules-2/files-2.1/com.github.bumptech.glide/glide/4.4.0/7d55ca453af56b7f7e6b494c1781755d89047d4f/glide-4.4.0.jar
7ff82c017000-7ff82c01d000 r--s 00057000 08:02 1729831                    /home/diego/.gradle/caches/transforms-1/files-1.1/recyclerview-v7-28.0.0.aar/a2d6e077b500804819a56f404cee0fc9/jars/classes.jar
7ff82c01d000-7ff82c028000 r--s 000a6000 08:02 1727826                    /home/diego/.gradle/caches/transforms-1/files-1.1/appcompat-v7-28.0.0.aar/9810d2a133fe56b0e8a4296a6e9ed5c5/jars/classes.jar
7ff82c028000-7ff82c02f000 r--s 00000000 08:02 2361833                    /usr/lib/x86_64-linux-gnu/gconv/gconv-modules.cache
7ff82c02f000-7ff82c053000 r--p 00000000 08:02 3154075                    /usr/share/locale-langpack/es/LC_MESSAGES/libc.mo
7ff82c053000-7ff82c058000 r--s 00043000 08:02 1982106                    /home/diego/.gradle/caches/modules-2/files-2.1/org.jetbrains.kotlin/kotlin-annotation-processing-gradle/1.2.61/57f9bb657e120efe72b86b58781636770606019a/kotlin-annotation-processing-gradle-1.2.61.jar
7ff82c058000-7ff82c05a000 r--s 00004000 08:02 1730447                    /home/diego/.gradle/caches/transforms-1/files-1.1/cardview-v7-28.0.0.aar/b92bb7c4487a9e8b12873016e3e2865c/jars/classes.jar
7ff82c05a000-7ff82c05c000 r--s 00006000 08:02 1333627                    /home/diego/.gradle/caches/transforms-1/files-1.1/PhotoView-2.1.3.aar/a733dc6d0e4eaa767129ed60211afae0/jars/classes.jar
7ff82c05c000-7ff82c065000 r--s 00076000 08:02 1982301                    /home/diego/.gradle/caches/transforms-1/files-1.1/design-28.0.0.aar/9ff949772ca8e07de0506d20bc21ae30/jars/classes.jar
7ff82c065000-7ff82c06a000 r--s 0004a000 08:02 1982498                    /home/diego/.gradle/caches/modules-2/files-2.1/com.squareup.okhttp/okhttp/2.7.2/20f6463eb19ac61960c5d91a094c2f4f0727dc2e/okhttp-2.7.2.jar
7ff82c06a000-7ff82c06b000 r--s 0000b000 08:02 1334179                    /home/diego/.gradle/caches/transforms-1/files-1.1/firebase-messaging-17.3.0.aar/d9a3a616a7007bca9d90daee4a65764d/jars/classes.jar
7ff82c06b000-7ff82c06c000 r--s 00000000 08:02 1332702                    /home/diego/.gradle/caches/transforms-1/files-1.1/firebase-core-15.0.0.aar/23723b44d4203c35ac5edc95d684cbde/jars/classes.jar
7ff82c06c000-7ff82c06d000 r--s 00001000 08:02 166274                     /home/diego/.gradle/caches/transforms-1/files-1.1/circleimageview-2.2.0.aar/2b66f5123500ab372609eddaebff5f50/jars/classes.jar
7ff82c06d000-7ff82c073000 r--s 00039000 08:02 1983620                    /home/diego/.gradle/caches/modules-2/files-2.1/com.github.bumptech.glide/compiler/4.4.0/ded97496ccaa8bbd492c83b9045172baa16ba859/compiler-4.4.0.jar
7ff82c073000-7ff82c085000 r--s 00345000 07:09 4309                       /snap/android-studio/69/android-studio/jre/jre/lib/resources.jar
7ff82c085000-7ff82c088000 ---p 00000000 00:00 0 
7ff82c088000-7ff82c186000 rw-p 00000000 00:00 0 
7ff82c186000-7ff82c1ff000 r--s 010fd000 07:09 4337                       /snap/android-studio/69/android-studio/jre/lib/tools.jar
7ff82c1ff000-7ff82f200000 rw-p 00000000 00:00 0 
7ff82f200000-7ff82f216000 r-xp 00000000 07:09 4230                       /snap/android-studio/69/android-studio/jre/jre/lib/amd64/libnet.so
7ff82f216000-7ff82f415000 ---p 00016000 07:09 4230                       /snap/android-studio/69/android-studio/jre/jre/lib/amd64/libnet.so
7ff82f415000-7ff82f416000 r--p 00015000 07:09 4230                       /snap/android-studio/69/android-studio/jre/jre/lib/amd64/libnet.so
7ff82f416000-7ff82f417000 rw-p 00016000 07:09 4230                       /snap/android-studio/69/android-studio/jre/jre/lib/amd64/libnet.so
7ff82f417000-7ff82f428000 r-xp 00000000 07:09 4231                       /snap/android-studio/69/android-studio/jre/jre/lib/amd64/libnio.so
7ff82f428000-7ff82f627000 ---p 00011000 07:09 4231                       /snap/android-studio/69/android-studio/jre/jre/lib/amd64/libnio.so
7ff82f627000-7ff82f628000 r--p 00010000 07:09 4231                       /snap/android-studio/69/android-studio/jre/jre/lib/amd64/libnio.so
7ff82f628000-7ff82f629000 rw-p 00011000 07:09 4231                       /snap/android-studio/69/android-studio/jre/jre/lib/amd64/libnio.so
7ff82f629000-7ff82f632000 r-xp 00000000 07:09 4228                       /snap/android-studio/69/android-studio/jre/jre/lib/amd64/libmanagement.so
7ff82f632000-7ff82f831000 ---p 00009000 07:09 4228                       /snap/android-studio/69/android-studio/jre/jre/lib/amd64/libmanagement.so
7ff82f831000-7ff82f832000 r--p 00008000 07:09 4228                       /snap/android-studio/69/android-studio/jre/jre/lib/amd64/libmanagement.so
7ff82f832000-7ff82f833000 rw-p 00009000 07:09 4228                       /snap/android-studio/69/android-studio/jre/jre/lib/amd64/libmanagement.so
7ff82f833000-7ff82f9fa000 r--s 01938000 08:02 1982107                    /home/diego/.gradle/caches/modules-2/files-2.1/org.jetbrains.kotlin/kotlin-compiler-embeddable/1.2.61/8f4812486d21943cea3f170d53537e628f7eef8c/kotlin-compiler-embeddable-1.2.61.jar
7ff82f9fa000-7ff82f9fb000 ---p 00000000 00:00 0 
7ff82f9fb000-7ff82fafb000 rw-p 00000000 00:00 0 
7ff82fafb000-7ff82fafe000 ---p 00000000 00:00 0 
7ff82fafe000-7ff82fbfc000 rw-p 00000000 00:00 0 
7ff82fbfc000-7ff82fbfd000 ---p 00000000 00:00 0 
7ff82fbfd000-7ff82fc00000 ---p 00000000 00:00 0 
7ff82fc00000-7ff82fcfd000 rw-p 00000000 00:00 0 
7ff82fcfd000-7ff82fcfe000 ---p 00000000 00:00 0 
7ff82fcfe000-7ff82fd01000 ---p 00000000 00:00 0 
7ff82fd01000-7ff82fdfe000 rw-p 00000000 00:00 0 
7ff82fdfe000-7ff82fdff000 ---p 00000000 00:00 0 
7ff82fdff000-7ff82fe02000 ---p 00000000 00:00 0 
7ff82fe02000-7ff82feff000 rw-p 00000000 00:00 0 
7ff82feff000-7ff82ff02000 ---p 00000000 00:00 0 
7ff82ff02000-7ff830000000 rw-p 00000000 00:00 0 
7ff830000000-7ff830021000 rw-p 00000000 00:00 0 
7ff830021000-7ff834000000 ---p 00000000 00:00 0 
7ff834000000-7ff834002000 r--s 00007000 08:02 1332699                    /home/diego/.gradle/caches/transforms-1/files-1.1/support-vector-drawable-28.0.0.aar/537ba5797d3e1cbde00ed04fcd054620/jars/classes.jar
7ff834002000-7ff834004000 r--s 00007000 08:02 1332695                    /home/diego/.gradle/caches/transforms-1/files-1.1/animated-vector-drawable-28.0.0.aar/e0985fce8370c95c5867969e83bbdc64/jars/classes.jar
7ff834004000-7ff83400b000 r--s 0004b000 08:02 1982108                    /home/diego/.gradle/caches/modules-2/files-2.1/org.jetbrains.kotlin/kotlin-android-extensions/1.2.61/564710f8171991001cba1c828c3331d833d9d28b/kotlin-android-extensions-1.2.61.jar
7ff83400b000-7ff834010000 r--s 00028000 08:02 2377656                    /home/diego/.gradle/caches/transforms-1/files-1.1/lottie-1.5.3.aar/e2e4dad966b691b7c74569fe83611cdc/jars/classes.jar
7ff834010000-7ff83402b000 r--s 00394000 07:09 4256                       /snap/android-studio/69/android-studio/jre/jre/lib/ext/cldrdata.jar
7ff83402b000-7ff8349fa000 r--p 00000000 08:02 2104058                    /usr/lib/locale/locale-archive
7ff8349fa000-7ff8349fd000 ---p 00000000 00:00 0 
7ff8349fd000-7ff834afb000 rw-p 00000000 00:00 0 
7ff834afb000-7ff834afe000 ---p 00000000 00:00 0 
7ff834afe000-7ff834bfc000 rw-p 00000000 00:00 0 
7ff834bfc000-7ff834bfd000 ---p 00000000 00:00 0 
7ff834bfd000-7ff838000000 rw-p 00000000 00:00 0 
7ff838000000-7ff838035000 rw-p 00000000 00:00 0 
7ff838035000-7ff83c000000 ---p 00000000 00:00 0 
7ff83c000000-7ff83c002000 r--s 0000e000 08:02 1332696                    /home/diego/.gradle/caches/transforms-1/files-1.1/constraint-layout-1.1.3.aar/787a21d3204f62f8fcbac3a19e56cd25/jars/classes.jar
7ff83c002000-7ff83c037000 r--s 00241000 08:02 1982109                    /home/diego/.gradle/caches/modules-2/files-2.1/org.jetbrains.kotlin/kotlin-reflect/1.2.61/6fd5bcfc9ffc446dd147ea006bee7ef5f0ad8ca4/kotlin-reflect-1.2.61.jar
7ff83c037000-7ff83d000000 rw-p 00000000 00:00 0 
7ff83d000000-7ff83f1b0000 rwxp 00000000 00:00 0 
7ff83f1b0000-7ff84c000000 ---p 00000000 00:00 0 
7ff84c000000-7ff84c3dc000 rw-p 00000000 00:00 0 
7ff84c3dc000-7ff850000000 ---p 00000000 00:00 0 
7ff850000000-7ff850002000 r--s 0000f000 08:02 1982497                    /home/diego/.gradle/caches/modules-2/files-2.1/com.squareup.okio/okio/1.6.0/98476622f10715998eacf9240d6b479f12c66143/okio-1.6.0.jar
7ff850002000-7ff850555000 rw-p 00000000 00:00 0 
7ff850555000-7ff850725000 r--s 03c54000 07:09 4310                       /snap/android-studio/69/android-studio/jre/jre/lib/rt.jar
7ff850725000-7ff850a9b000 rw-p 00000000 00:00 0 
7ff850a9b000-7ff850a9c000 ---p 00000000 00:00 0 
7ff850a9c000-7ff850b9c000 rw-p 00000000 00:00 0 
7ff850b9c000-7ff850b9d000 ---p 00000000 00:00 0 
7ff850b9d000-7ff850c9d000 rw-p 00000000 00:00 0 
7ff850c9d000-7ff850c9e000 ---p 00000000 00:00 0 
7ff850c9e000-7ff850d9e000 rw-p 00000000 00:00 0 
7ff850d9e000-7ff850d9f000 ---p 00000000 00:00 0 
7ff850d9f000-7ff850ee0000 rw-p 00000000 00:00 0 
7ff850ee0000-7ff85109f000 ---p 00000000 00:00 0 
7ff85109f000-7ff8510e0000 rw-p 00000000 00:00 0 
7ff8510e0000-7ff85129f000 ---p 00000000 00:00 0 
7ff85129f000-7ff85135d000 rw-p 00000000 00:00 0 
7ff85135d000-7ff85139f000 ---p 00000000 00:00 0 
7ff85139f000-7ff851427000 rw-p 00000000 00:00 0 
7ff851427000-7ff851760000 ---p 00000000 00:00 0 
7ff851760000-7ff85177a000 r-xp 00000000 07:09 4239                       /snap/android-studio/69/android-studio/jre/jre/lib/amd64/libzip.so
7ff85177a000-7ff851979000 ---p 0001a000 07:09 4239                       /snap/android-studio/69/android-studio/jre/jre/lib/amd64/libzip.so
7ff851979000-7ff85197a000 r--p 00019000 07:09 4239                       /snap/android-studio/69/android-studio/jre/jre/lib/amd64/libzip.so
7ff85197a000-7ff85197b000 rw-p 0001a000 07:09 4239                       /snap/android-studio/69/android-studio/jre/jre/lib/amd64/libzip.so
7ff85197b000-7ff851986000 r-xp 00000000 08:02 529146                     /lib/x86_64-linux-gnu/libnss_files-2.27.so
7ff851986000-7ff851b85000 ---p 0000b000 08:02 529146                     /lib/x86_64-linux-gnu/libnss_files-2.27.so
7ff851b85000-7ff851b86000 r--p 0000a000 08:02 529146                     /lib/x86_64-linux-gnu/libnss_files-2.27.so
7ff851b86000-7ff851b87000 rw-p 0000b000 08:02 529146                     /lib/x86_64-linux-gnu/libnss_files-2.27.so
7ff851b87000-7ff851b8d000 rw-p 00000000 00:00 0 
7ff851b8d000-7ff851ba4000 r-xp 00000000 08:02 529140                     /lib/x86_64-linux-gnu/libnsl-2.27.so
7ff851ba4000-7ff851da3000 ---p 00017000 08:02 529140                     /lib/x86_64-linux-gnu/libnsl-2.27.so
7ff851da3000-7ff851da4000 r--p 00016000 08:02 529140                     /lib/x86_64-linux-gnu/libnsl-2.27.so
7ff851da4000-7ff851da5000 rw-p 00017000 08:02 529140                     /lib/x86_64-linux-gnu/libnsl-2.27.so
7ff851da5000-7ff851da7000 rw-p 00000000 00:00 0 
7ff851da7000-7ff851db2000 r-xp 00000000 08:02 529157                     /lib/x86_64-linux-gnu/libnss_nis-2.27.so
7ff851db2000-7ff851fb1000 ---p 0000b000 08:02 529157                     /lib/x86_64-linux-gnu/libnss_nis-2.27.so
7ff851fb1000-7ff851fb2000 r--p 0000a000 08:02 529157                     /lib/x86_64-linux-gnu/libnss_nis-2.27.so
7ff851fb2000-7ff851fb3000 rw-p 0000b000 08:02 529157                     /lib/x86_64-linux-gnu/libnss_nis-2.27.so
7ff851fb3000-7ff851fbb000 r-xp 00000000 08:02 529142                     /lib/x86_64-linux-gnu/libnss_compat-2.27.so
7ff851fbb000-7ff8521bb000 ---p 00008000 08:02 529142                     /lib/x86_64-linux-gnu/libnss_compat-2.27.so
7ff8521bb000-7ff8521bc000 r--p 00008000 08:02 529142                     /lib/x86_64-linux-gnu/libnss_compat-2.27.so
7ff8521bc000-7ff8521bd000 rw-p 00009000 08:02 529142                     /lib/x86_64-linux-gnu/libnss_compat-2.27.so
7ff8521bd000-7ff8521ea000 r-xp 00000000 07:09 4218                       /snap/android-studio/69/android-studio/jre/jre/lib/amd64/libjava.so
7ff8521ea000-7ff8523e9000 ---p 0002d000 07:09 4218                       /snap/android-studio/69/android-studio/jre/jre/lib/amd64/libjava.so
7ff8523e9000-7ff8523ea000 r--p 0002c000 07:09 4218                       /snap/android-studio/69/android-studio/jre/jre/lib/amd64/libjava.so
7ff8523ea000-7ff8523ec000 rw-p 0002d000 07:09 4218                       /snap/android-studio/69/android-studio/jre/jre/lib/amd64/libjava.so
7ff8523ec000-7ff8523fd000 r-xp 00000000 07:09 4238                       /snap/android-studio/69/android-studio/jre/jre/lib/amd64/libverify.so
7ff8523fd000-7ff8525fc000 ---p 00011000 07:09 4238                       /snap/android-studio/69/android-studio/jre/jre/lib/amd64/libverify.so
7ff8525fc000-7ff8525fe000 r--p 00010000 07:09 4238                       /snap/android-studio/69/android-studio/jre/jre/lib/amd64/libverify.so
7ff8525fe000-7ff8525ff000 rw-p 00012000 07:09 4238                       /snap/android-studio/69/android-studio/jre/jre/lib/amd64/libverify.so
7ff8525ff000-7ff852606000 r-xp 00000000 08:02 529197                     /lib/x86_64-linux-gnu/librt-2.27.so
7ff852606000-7ff852805000 ---p 00007000 08:02 529197                     /lib/x86_64-linux-gnu/librt-2.27.so
7ff852805000-7ff852806000 r--p 00006000 08:02 529197                     /lib/x86_64-linux-gnu/librt-2.27.so
7ff852806000-7ff852807000 rw-p 00007000 08:02 529197                     /lib/x86_64-linux-gnu/librt-2.27.so
7ff852807000-7ff8529a4000 r-xp 00000000 08:02 529119                     /lib/x86_64-linux-gnu/libm-2.27.so
7ff8529a4000-7ff852ba3000 ---p 0019d000 08:02 529119                     /lib/x86_64-linux-gnu/libm-2.27.so
7ff852ba3000-7ff852ba4000 r--p 0019c000 08:02 529119                     /lib/x86_64-linux-gnu/libm-2.27.so
7ff852ba4000-7ff852ba5000 rw-p 0019d000 08:02 529119                     /lib/x86_64-linux-gnu/libm-2.27.so
7ff852ba5000-7ff853811000 r-xp 00000000 07:09 4243                       /snap/android-studio/69/android-studio/jre/jre/lib/amd64/server/libjvm.so
7ff853811000-7ff853a11000 ---p 00c6c000 07:09 4243                       /snap/android-studio/69/android-studio/jre/jre/lib/amd64/server/libjvm.so
7ff853a11000-7ff853aa5000 r--p 00c6c000 07:09 4243                       /snap/android-studio/69/android-studio/jre/jre/lib/amd64/server/libjvm.so
7ff853aa5000-7ff853acd000 rw-p 00d00000 07:09 4243                       /snap/android-studio/69/android-studio/jre/jre/lib/amd64/server/libjvm.so
7ff853acd000-7ff853afe000 rw-p 00000000 00:00 0 
7ff853afe000-7ff853ce5000 r-xp 00000000 08:02 529056                     /lib/x86_64-linux-gnu/libc-2.27.so
7ff853ce5000-7ff853ee5000 ---p 001e7000 08:02 529056                     /lib/x86_64-linux-gnu/libc-2.27.so
7ff853ee5000-7ff853ee9000 r--p 001e7000 08:02 529056                     /lib/x86_64-linux-gnu/libc-2.27.so
7ff853ee9000-7ff853eeb000 rw-p 001eb000 08:02 529056                     /lib/x86_64-linux-gnu/libc-2.27.so
7ff853eeb000-7ff853eef000 rw-p 00000000 00:00 0 
7ff853eef000-7ff853ef2000 r-xp 00000000 08:02 529079                     /lib/x86_64-linux-gnu/libdl-2.27.so
7ff853ef2000-7ff8540f1000 ---p 00003000 08:02 529079                     /lib/x86_64-linux-gnu/libdl-2.27.so
7ff8540f1000-7ff8540f2000 r--p 00002000 08:02 529079                     /lib/x86_64-linux-gnu/libdl-2.27.so
7ff8540f2000-7ff8540f3000 rw-p 00003000 08:02 529079                     /lib/x86_64-linux-gnu/libdl-2.27.so
7ff8540f3000-7ff854109000 r-xp 00000000 07:09 4204                       /snap/android-studio/69/android-studio/jre/jre/lib/amd64/jli/libjli.so
7ff854109000-7ff854309000 ---p 00016000 07:09 4204                       /snap/android-studio/69/android-studio/jre/jre/lib/amd64/jli/libjli.so
7ff854309000-7ff85430a000 r--p 00016000 07:09 4204                       /snap/android-studio/69/android-studio/jre/jre/lib/amd64/jli/libjli.so
7ff85430a000-7ff85430b000 rw-p 00017000 07:09 4204                       /snap/android-studio/69/android-studio/jre/jre/lib/amd64/jli/libjli.so
7ff85430b000-7ff854325000 r-xp 00000000 08:02 529189                     /lib/x86_64-linux-gnu/libpthread-2.27.so
7ff854325000-7ff854524000 ---p 0001a000 08:02 529189                     /lib/x86_64-linux-gnu/libpthread-2.27.so
7ff854524000-7ff854525000 r--p 00019000 08:02 529189                     /lib/x86_64-linux-gnu/libpthread-2.27.so
7ff854525000-7ff854526000 rw-p 0001a000 08:02 529189                     /lib/x86_64-linux-gnu/libpthread-2.27.so
7ff854526000-7ff85452a000 rw-p 00000000 00:00 0 
7ff85452a000-7ff854551000 r-xp 00000000 08:02 529028                     /lib/x86_64-linux-gnu/ld-2.27.so
7ff854551000-7ff854554000 r--s 00026000 08:02 3157593                    /home/diego/.gradle/caches/transforms-1/files-1.1/play-services-measurement-base-15.0.2.aar/bb9435b51624d305396826fc4d9db319/jars/classes.jar
7ff854554000-7ff854555000 r--s 00000000 08:02 1983606                    /home/diego/.gradle/caches/modules-2/files-2.1/com.github.bumptech.glide/annotations/4.4.0/12a80983cd6a6c24aba15d91161f1ef6287ed644/annotations-4.4.0.jar
7ff854555000-7ff85455a000 r--s 0009a000 07:09 4296                       /snap/android-studio/69/android-studio/jre/jre/lib/jsse.jar
7ff85455a000-7ff854560000 r--s 00015000 08:02 1982115                    /home/diego/.gradle/caches/modules-2/files-2.1/org.jetbrains.kotlin/kotlin-stdlib-common/1.2.61/772de03e12d932f489e41aef997d26c20a4ebee6/kotlin-stdlib-common-1.2.61.jar
7ff854560000-7ff85456a000 r--s 00116000 07:09 4259                       /snap/android-studio/69/android-studio/jre/jre/lib/ext/localedata.jar
7ff85456a000-7ff85462c000 rw-p 00000000 00:00 0 
7ff85462c000-7ff85462d000 ---p 00000000 00:00 0 
7ff85462d000-7ff854630000 ---p 00000000 00:00 0 
7ff854630000-7ff85472f000 rw-p 00000000 00:00 0 
7ff85472f000-7ff854730000 r--s 00004000 08:02 1983608                    /home/diego/.gradle/caches/modules-2/files-2.1/com.github.bumptech.glide/disklrucache/4.4.0/870ad7a1cf814fcc6f8571afd50ff438cb46ee2a/disklrucache-4.4.0.jar
7ff854730000-7ff854731000 r--s 00000000 08:02 1982133                    /home/diego/.gradle/caches/modules-2/files-2.1/org.jetbrains.kotlin/kotlin-stdlib-jdk7/1.2.61/bc77c34ff80df88b4d9b0418ea4ae758544573f3/kotlin-stdlib-jdk7-1.2.61.jar
7ff854731000-7ff854733000 r--s 00003000 08:02 1976418                    /home/diego/.gradle/caches/modules-2/files-2.1/org.jetbrains/annotations/13.0/919f0dfe192fb4e063e7dacadee7f8bb9a2672a9/annotations-13.0.jar
7ff854733000-7ff854735000 r--s 00009000 08:02 1982112                    /home/diego/.gradle/caches/modules-2/files-2.1/org.jetbrains.kotlin/kotlin-script-runtime/1.2.61/75e4bfc103b71324be6fc862ce806d5399508a14/kotlin-script-runtime-1.2.61.jar
7ff854735000-7ff854745000 r--s 000db000 08:02 1982110                    /home/diego/.gradle/caches/modules-2/files-2.1/org.jetbrains.kotlin/kotlin-stdlib/1.2.61/5bc44acc4b3f0d19166ae3e50454b41e8ff29335/kotlin-stdlib-1.2.61.jar
7ff854745000-7ff85474d000 rw-s 00000000 08:02 2001963                    /tmp/hsperfdata_diego/5220
7ff85474d000-7ff85474e000 rw-p 00000000 00:00 0 
7ff85474e000-7ff85474f000 ---p 00000000 00:00 0 
7ff85474f000-7ff854751000 rw-p 00000000 00:00 0 
7ff854751000-7ff854752000 r--p 00027000 08:02 529028                     /lib/x86_64-linux-gnu/ld-2.27.so
7ff854752000-7ff854753000 rw-p 00028000 08:02 529028                     /lib/x86_64-linux-gnu/ld-2.27.so
7ff854753000-7ff854754000 rw-p 00000000 00:00 0 
7ffddd42c000-7ffddd44e000 rw-p 00000000 00:00 0                          [stack]
7ffddd529000-7ffddd52c000 r--p 00000000 00:00 0                          [vvar]
7ffddd52c000-7ffddd52e000 r-xp 00000000 00:00 0                          [vdso]
ffffffffff600000-ffffffffff601000 r-xp 00000000 00:00 0                  [vsyscall]

VM Arguments:
jvm_args: -Djava.awt.headless=true -Djava.rmi.server.hostname=127.0.0.1 -Xmx1536m -Dkotlin.environment.keepalive 
java_command: org.jetbrains.kotlin.daemon.KotlinCompileDaemon --daemon-runFilesPath /home/diego/.local/share/kotlin/daemon --daemon-autoshutdownIdleSeconds=7200 --daemon-compilerClasspath /home/diego/.gradle/caches/modules-2/files-2.1/org.jetbrains.kotlin/kotlin-compiler-embeddable/1.2.61/8f4812486d21943cea3f170d53537e628f7eef8c/kotlin-compiler-embeddable-1.2.61.jar:/home/diego/.gradle/caches/modules-2/files-2.1/org.jetbrains.kotlin/kotlin-reflect/1.2.61/6fd5bcfc9ffc446dd147ea006bee7ef5f0ad8ca4/kotlin-reflect-1.2.61.jar:/home/diego/.gradle/caches/modules-2/files-2.1/org.jetbrains.kotlin/kotlin-stdlib/1.2.61/5bc44acc4b3f0d19166ae3e50454b41e8ff29335/kotlin-stdlib-1.2.61.jar:/home/diego/.gradle/caches/modules-2/files-2.1/org.jetbrains.kotlin/kotlin-script-runtime/1.2.61/75e4bfc103b71324be6fc862ce806d5399508a14/kotlin-script-runtime-1.2.61.jar:/home/diego/.gradle/caches/modules-2/files-2.1/org.jetbrains.kotlin/kotlin-stdlib-common/1.2.61/772de03e12d932f489e41aef997d26c20a4ebee6/kotlin-stdlib-common-1.2.61.jar:/home/diego/.gradle/caches/modules-2/files-2.1/org.jetbrains/annotations/13.0/919f0dfe192fb4e063e7dacadee7f8bb9a2672a9/annotations-13.0.jar:/snap/android-studio/69/android-studio/jre/lib/tools.jar
java_class_path (initial): /home/diego/.gradle/caches/modules-2/files-2.1/org.jetbrains.kotlin/kotlin-compiler-embeddable/1.2.61/8f4812486d21943cea3f170d53537e628f7eef8c/kotlin-compiler-embeddable-1.2.61.jar:/home/diego/.gradle/caches/modules-2/files-2.1/org.jetbrains.kotlin/kotlin-reflect/1.2.61/6fd5bcfc9ffc446dd147ea006bee7ef5f0ad8ca4/kotlin-reflect-1.2.61.jar:/home/diego/.gradle/caches/modules-2/files-2.1/org.jetbrains.kotlin/kotlin-stdlib/1.2.61/5bc44acc4b3f0d19166ae3e50454b41e8ff29335/kotlin-stdlib-1.2.61.jar:/home/diego/.gradle/caches/modules-2/files-2.1/org.jetbrains.kotlin/kotlin-script-runtime/1.2.61/75e4bfc103b71324be6fc862ce806d5399508a14/kotlin-script-runtime-1.2.61.jar:/home/diego/.gradle/caches/modules-2/files-2.1/org.jetbrains.kotlin/kotlin-stdlib-common/1.2.61/772de03e12d932f489e41aef997d26c20a4ebee6/kotlin-stdlib-common-1.2.61.jar:/home/diego/.gradle/caches/modules-2/files-2.1/org.jetbrains/annotations/13.0/919f0dfe192fb4e063e7dacadee7f8bb9a2672a9/annotations-13.0.jar:/snap/android-studio/69/android-studio/jre/lib/tools.jar
Launcher Type: SUN_STANDARD

Environment Variables:
PATH=/usr/local/sbin:/usr/local/bin:/usr/sbin:/usr/bin:/sbin:/bin:/usr/games:/usr/local/games:/snap/bin
USERNAME=diego
SHELL=/bin/bash
DISPLAY=:0

Signal Handlers:
SIGSEGV: [libjvm.so+0xa71670], sa_mask[0]=11111111011111111101111111111110, sa_flags=SA_RESTART|SA_SIGINFO
SIGBUS: [libjvm.so+0xa71670], sa_mask[0]=11111111011111111101111111111110, sa_flags=SA_RESTART|SA_SIGINFO
SIGFPE: [libjvm.so+0x8b1780], sa_mask[0]=11111111011111111101111111111110, sa_flags=SA_RESTART|SA_SIGINFO
SIGPIPE: [libjvm.so+0x8b1780], sa_mask[0]=11111111011111111101111111111110, sa_flags=SA_RESTART|SA_SIGINFO
SIGXFSZ: [libjvm.so+0x8b1780], sa_mask[0]=11111111011111111101111111111110, sa_flags=SA_RESTART|SA_SIGINFO
SIGILL: [libjvm.so+0x8b1780], sa_mask[0]=11111111011111111101111111111110, sa_flags=SA_RESTART|SA_SIGINFO
SIGUSR1: SIG_DFL, sa_mask[0]=00000000000000000000000000000000, sa_flags=none
SIGUSR2: [libjvm.so+0x8b1650], sa_mask[0]=00100000000000000000000000000000, sa_flags=SA_RESTART|SA_SIGINFO
SIGHUP: [libjvm.so+0x8b1ab0], sa_mask[0]=11111111011111111101111111111110, sa_flags=SA_RESTART|SA_SIGINFO
SIGINT: [libjvm.so+0x8b1ab0], sa_mask[0]=11111111011111111101111111111110, sa_flags=SA_RESTART|SA_SIGINFO
SIGTERM: [libjvm.so+0x8b1ab0], sa_mask[0]=11111111011111111101111111111110, sa_flags=SA_RESTART|SA_SIGINFO
SIGQUIT: [libjvm.so+0x8b1ab0], sa_mask[0]=11111111011111111101111111111110, sa_flags=SA_RESTART|SA_SIGINFO


---------------  S Y S T E M  ---------------

OS:DISTRIB_ID=Ubuntu
DISTRIB_RELEASE=18.04
DISTRIB_CODENAME=bionic
DISTRIB_DESCRIPTION="Ubuntu 18.04.1 LTS"

uname:Linux 4.15.0-36-generic #39-Ubuntu SMP Mon Sep 24 16:19:09 UTC 2018 x86_64
libc:glibc 2.27 NPTL 2.27 
rlimit: STACK 8192k, CORE 0k, NPROC 14902, NOFILE 1048576, AS infinity
load average:6,88 2,94 1,76

/proc/meminfo:
MemTotal:        3928932 kB
MemFree:          101404 kB
MemAvailable:      13076 kB
Buffers:            2652 kB
Cached:            86104 kB
SwapCached:        18356 kB
Active:          2963580 kB
Inactive:         606464 kB
Active(anon):    2954108 kB
Inactive(anon):   590868 kB
Active(file):       9472 kB
Inactive(file):    15596 kB
Unevictable:          80 kB
Mlocked:              80 kB
SwapTotal:       2097152 kB
SwapFree:          14232 kB
Dirty:               208 kB
Writeback:             0 kB
AnonPages:       3464236 kB
Mapped:            41692 kB
Shmem:             63260 kB
Slab:             105148 kB
SReclaimable:      42516 kB
SUnreclaim:        62632 kB
KernelStack:       13824 kB
PageTables:        55664 kB
NFS_Unstable:          0 kB
Bounce:                0 kB
WritebackTmp:          0 kB
CommitLimit:     4061616 kB
Committed_AS:   10764900 kB
VmallocTotal:   34359738367 kB
VmallocUsed:           0 kB
VmallocChunk:          0 kB
HardwareCorrupted:     0 kB
AnonHugePages:     28672 kB
ShmemHugePages:        0 kB
ShmemPmdMapped:        0 kB
CmaTotal:              0 kB
CmaFree:               0 kB
HugePages_Total:       0
HugePages_Free:        0
HugePages_Rsvd:        0
HugePages_Surp:        0
Hugepagesize:       2048 kB
DirectMap4k:      170748 kB
DirectMap2M:     3913728 kB


CPU:total 4 (initial active 4) (2 cores per cpu, 2 threads per core) family 6 model 58 stepping 9, cmov, cx8, fxsr, mmx, sse, sse2, sse3, ssse3, sse4.1, sse4.2, popcnt, avx, aes, clmul, erms, ht, tsc, tscinvbit, tscinv

/proc/cpuinfo:
processor	: 0
vendor_id	: GenuineIntel
cpu family	: 6
model		: 58
model name	: Intel(R) Core(TM) i5-3230M CPU @ 2.60GHz
stepping	: 9
microcode	: 0x20
cpu MHz		: 2993.027
cache size	: 3072 KB
physical id	: 0
siblings	: 4
core id		: 0
cpu cores	: 2
apicid		: 0
initial apicid	: 0
fpu		: yes
fpu_exception	: yes
cpuid level	: 13
wp		: yes
flags		: fpu vme de pse tsc msr pae mce cx8 apic sep mtrr pge mca cmov pat pse36 clflush dts acpi mmx fxsr sse sse2 ss ht tm pbe syscall nx rdtscp lm constant_tsc arch_perfmon pebs bts rep_good nopl xtopology nonstop_tsc cpuid aperfmperf pni pclmulqdq dtes64 monitor ds_cpl vmx est tm2 ssse3 cx16 xtpr pdcm pcid sse4_1 sse4_2 x2apic popcnt tsc_deadline_timer aes xsave avx f16c rdrand lahf_lm cpuid_fault epb pti ssbd ibrs ibpb stibp tpr_shadow vnmi flexpriority ept vpid fsgsbase smep erms xsaveopt dtherm ida arat pln pts flush_l1d
bugs		: cpu_meltdown spectre_v1 spectre_v2 spec_store_bypass l1tf
bogomips	: 5187.90
clflush size	: 64
cache_alignment	: 64
address sizes	: 36 bits physical, 48 bits virtual
power management:

processor	: 1
vendor_id	: GenuineIntel
cpu family	: 6
model		: 58
model name	: Intel(R) Core(TM) i5-3230M CPU @ 2.60GHz
stepping	: 9
microcode	: 0x20
cpu MHz		: 2993.025
cache size	: 3072 KB
physical id	: 0
siblings	: 4
core id		: 0
cpu cores	: 2
apicid		: 1
initial apicid	: 1
fpu		: yes
fpu_exception	: yes
cpuid level	: 13
wp		: yes
flags		: fpu vme de pse tsc msr pae mce cx8 apic sep mtrr pge mca cmov pat pse36 clflush dts acpi mmx fxsr sse sse2 ss ht tm pbe syscall nx rdtscp lm constant_tsc arch_perfmon pebs bts rep_good nopl xtopology nonstop_tsc cpuid aperfmperf pni pclmulqdq dtes64 monitor ds_cpl vmx est tm2 ssse3 cx16 xtpr pdcm pcid sse4_1 sse4_2 x2apic popcnt tsc_deadline_timer aes xsave avx f16c rdrand lahf_lm cpuid_fault epb pti ssbd ibrs ibpb stibp tpr_shadow vnmi flexpriority ept vpid fsgsbase smep erms xsaveopt dtherm ida arat pln pts flush_l1d
bugs		: cpu_meltdown spectre_v1 spectre_v2 spec_store_bypass l1tf
bogomips	: 5187.90
clflush size	: 64
cache_alignment	: 64
address sizes	: 36 bits physical, 48 bits virtual
power management:

processor	: 2
vendor_id	: GenuineIntel
cpu family	: 6
model		: 58
model name	: Intel(R) Core(TM) i5-3230M CPU @ 2.60GHz
stepping	: 9
microcode	: 0x20
cpu MHz		: 3018.565
cache size	: 3072 KB
physical id	: 0
siblings	: 4
core id		: 1
cpu cores	: 2
apicid		: 2
initial apicid	: 2
fpu		: yes
fpu_exception	: yes
cpuid level	: 13
wp		: yes
flags		: fpu vme de pse tsc msr pae mce cx8 apic sep mtrr pge mca cmov pat pse36 clflush dts acpi mmx fxsr sse sse2 ss ht tm pbe syscall nx rdtscp lm constant_tsc arch_perfmon pebs bts rep_good nopl xtopology nonstop_tsc cpuid aperfmperf pni pclmulqdq dtes64 monitor ds_cpl vmx est tm2 ssse3 cx16 xtpr pdcm pcid sse4_1 sse4_2 x2apic popcnt tsc_deadline_timer aes xsave avx f16c rdrand lahf_lm cpuid_fault epb pti ssbd ibrs ibpb stibp tpr_shadow vnmi flexpriority ept vpid fsgsbase smep erms xsaveopt dtherm ida arat pln pts flush_l1d
bugs		: cpu_meltdown spectre_v1 spectre_v2 spec_store_bypass l1tf
bogomips	: 5187.90
clflush size	: 64
cache_alignment	: 64
address sizes	: 36 bits physical, 48 bits virtual
power management:

processor	: 3
vendor_id	: GenuineIntel
cpu family	: 6
model		: 58
model name	: Intel(R) Core(TM) i5-3230M CPU @ 2.60GHz
stepping	: 9
microcode	: 0x20
cpu MHz		: 3068.912
cache size	: 3072 KB
physical id	: 0
siblings	: 4
core id		: 1
cpu cores	: 2
apicid		: 3
initial apicid	: 3
fpu		: yes
fpu_exception	: yes
cpuid level	: 13
wp		: yes
flags		: fpu vme de pse tsc msr pae mce cx8 apic sep mtrr pge mca cmov pat pse36 clflush dts acpi mmx fxsr sse sse2 ss ht tm pbe syscall nx rdtscp lm constant_tsc arch_perfmon pebs bts rep_good nopl xtopology nonstop_tsc cpuid aperfmperf pni pclmulqdq dtes64 monitor ds_cpl vmx est tm2 ssse3 cx16 xtpr pdcm pcid sse4_1 sse4_2 x2apic popcnt tsc_deadline_timer aes xsave avx f16c rdrand lahf_lm cpuid_fault epb pti ssbd ibrs ibpb stibp tpr_shadow vnmi flexpriority ept vpid fsgsbase smep erms xsaveopt dtherm ida arat pln pts flush_l1d
bugs		: cpu_meltdown spectre_v1 spectre_v2 spec_store_bypass l1tf
bogomips	: 5187.90
clflush size	: 64
cache_alignment	: 64
address sizes	: 36 bits physical, 48 bits virtual
power management:



Memory: 4k page, physical 3928932k(110624k free), swap 2097152k(14232k free)

vm_info: OpenJDK 64-Bit Server VM (25.152-b06) for linux-amd64 JRE (1.8.0_152-release-1136-b06), built by "builder" with gcc 7.3.0

time: Tue Oct 23 16:13:43 2018
elapsed time: 1454 seconds (0d 0h 24m 14s)

